19-14-9 : 任务提交失败:{"title":"Task","type":1,"exec":"dir","createdTime":1499596035,"id":"161","result":" 锟斤拷锟斤拷锟斤拷 D 锟叫的撅拷锟斤拷 锟斤拷锟斤拷\r\n 锟斤拷锟斤拷锟斤拷锟叫猴拷锟斤拷 9A2D-B5DA\r\n\r\n d:\\www\\wwwroot\\node\\taskqueue\\console 锟斤拷目录\r\n\r\n2017/07/09  18:29    <DIR>          .\r\n2017/07/09  18:29    <DIR>          ..\r\n2017/07/09  11:25                52 readme.txt\r\n2017/07/09  18:29             2,796 taskRuner.js\r\n               2 锟斤拷锟侥硷拷          2,848 锟街斤拷\r\n               2 锟斤拷目录 50,890,211,328 锟斤拷锟斤拷锟街斤拷\r\n"}
19-14-11 : 任务提交失败:{"title":"Task","type":1,"exec":"dir","createdTime":1499596036,"id":"162","result":" 锟斤拷锟斤拷锟斤拷 D 锟叫的撅拷锟斤拷 锟斤拷锟斤拷\r\n 锟斤拷锟斤拷锟斤拷锟叫猴拷锟斤拷 9A2D-B5DA\r\n\r\n d:\\www\\wwwroot\\node\\taskqueue\\console 锟斤拷目录\r\n\r\n2017/07/09  18:29    <DIR>          .\r\n2017/07/09  18:29    <DIR>          ..\r\n2017/07/09  11:25                52 readme.txt\r\n2017/07/09  18:29             2,796 taskRuner.js\r\n               2 锟斤拷锟侥硷拷          2,848 锟街斤拷\r\n               2 锟斤拷目录 50,890,211,328 锟斤拷锟斤拷锟街斤拷\r\n"}
19-14-13 : 任务提交失败:{"title":"Task","type":1,"exec":"dir","createdTime":1499596036,"id":"163","result":" 锟斤拷锟斤拷锟斤拷 D 锟叫的撅拷锟斤拷 锟斤拷锟斤拷\r\n 锟斤拷锟斤拷锟斤拷锟叫猴拷锟斤拷 9A2D-B5DA\r\n\r\n d:\\www\\wwwroot\\node\\taskqueue\\console 锟斤拷目录\r\n\r\n2017/07/09  18:29    <DIR>          .\r\n2017/07/09  18:29    <DIR>          ..\r\n2017/07/09  11:25                52 readme.txt\r\n2017/07/09  18:29             2,796 taskRuner.js\r\n               2 锟斤拷锟侥硷拷          2,848 锟街斤拷\r\n               2 锟斤拷目录 50,890,207,232 锟斤拷锟斤拷锟街斤拷\r\n"}
19-14-15 : 任务提交失败:{"title":"Task","type":1,"exec":"dir","createdTime":1499596038,"id":"164","result":" 锟斤拷锟斤拷锟斤拷 D 锟叫的撅拷锟斤拷 锟斤拷锟斤拷\r\n 锟斤拷锟斤拷锟斤拷锟叫猴拷锟斤拷 9A2D-B5DA\r\n\r\n d:\\www\\wwwroot\\node\\taskqueue\\console 锟斤拷目录\r\n\r\n2017/07/09  18:29    <DIR>          .\r\n2017/07/09  18:29    <DIR>          ..\r\n2017/07/09  11:25                52 readme.txt\r\n2017/07/09  18:29             2,796 taskRuner.js\r\n               2 锟斤拷锟侥硷拷          2,848 锟街斤拷\r\n               2 锟斤拷目录 50,890,207,232 锟斤拷锟斤拷锟街斤拷\r\n"}
19-14-17 : 任务提交失败:{"title":"Task","type":1,"exec":"dir","createdTime":1499596216,"id":"165","result":" 锟斤拷锟斤拷锟斤拷 D 锟叫的撅拷锟斤拷 锟斤拷锟斤拷\r\n 锟斤拷锟斤拷锟斤拷锟叫猴拷锟斤拷 9A2D-B5DA\r\n\r\n d:\\www\\wwwroot\\node\\taskqueue\\console 锟斤拷目录\r\n\r\n2017/07/09  18:29    <DIR>          .\r\n2017/07/09  18:29    <DIR>          ..\r\n2017/07/09  11:25                52 readme.txt\r\n2017/07/09  18:29             2,796 taskRuner.js\r\n               2 锟斤拷锟侥硷拷          2,848 锟街斤拷\r\n               2 锟斤拷目录 50,890,207,232 锟斤拷锟斤拷锟街斤拷\r\n"}
19-14-19 : 任务提交失败:{"title":"Task","type":1,"exec":"dir","createdTime":1499596217,"id":"166","result":" 锟斤拷锟斤拷锟斤拷 D 锟叫的撅拷锟斤拷 锟斤拷锟斤拷\r\n 锟斤拷锟斤拷锟斤拷锟叫猴拷锟斤拷 9A2D-B5DA\r\n\r\n d:\\www\\wwwroot\\node\\taskqueue\\console 锟斤拷目录\r\n\r\n2017/07/09  18:29    <DIR>          .\r\n2017/07/09  18:29    <DIR>          ..\r\n2017/07/09  11:25                52 readme.txt\r\n2017/07/09  18:29             2,796 taskRuner.js\r\n               2 锟斤拷锟侥硷拷          2,848 锟街斤拷\r\n               2 锟斤拷目录 50,890,207,232 锟斤拷锟斤拷锟街斤拷\r\n"}
19-14-22 : 任务提交失败:{"title":"Task","type":1,"exec":"dir","createdTime":1499596217,"id":"167","result":" 锟斤拷锟斤拷锟斤拷 D 锟叫的撅拷锟斤拷 锟斤拷锟斤拷\r\n 锟斤拷锟斤拷锟斤拷锟叫猴拷锟斤拷 9A2D-B5DA\r\n\r\n d:\\www\\wwwroot\\node\\taskqueue\\console 锟斤拷目录\r\n\r\n2017/07/09  18:29    <DIR>          .\r\n2017/07/09  18:29    <DIR>          ..\r\n2017/07/09  11:25                52 readme.txt\r\n2017/07/09  18:29             2,796 taskRuner.js\r\n               2 锟斤拷锟侥硷拷          2,848 锟街斤拷\r\n               2 锟斤拷目录 50,890,207,232 锟斤拷锟斤拷锟街斤拷\r\n"}
19-14-42 : 任务提交失败:{"title":"Task","type":1,"exec":"dir","createdTime":1499598880,"id":"168","result":" 锟斤拷锟斤拷锟斤拷 D 锟叫的撅拷锟斤拷 锟斤拷锟斤拷\r\n 锟斤拷锟斤拷锟斤拷锟叫猴拷锟斤拷 9A2D-B5DA\r\n\r\n d:\\www\\wwwroot\\node\\taskqueue\\console 锟斤拷目录\r\n\r\n2017/07/09  18:29    <DIR>          .\r\n2017/07/09  18:29    <DIR>          ..\r\n2017/07/09  11:25                52 readme.txt\r\n2017/07/09  18:29             2,796 taskRuner.js\r\n               2 锟斤拷锟侥硷拷          2,848 锟街斤拷\r\n               2 锟斤拷目录 50,890,203,136 锟斤拷锟斤拷锟街斤拷\r\n"}
19-14-44 : 任务提交失败:{"title":"Task","type":1,"exec":"dir","createdTime":1499598882,"id":"169","result":" 锟斤拷锟斤拷锟斤拷 D 锟叫的撅拷锟斤拷 锟斤拷锟斤拷\r\n 锟斤拷锟斤拷锟斤拷锟叫猴拷锟斤拷 9A2D-B5DA\r\n\r\n d:\\www\\wwwroot\\node\\taskqueue\\console 锟斤拷目录\r\n\r\n2017/07/09  18:29    <DIR>          .\r\n2017/07/09  18:29    <DIR>          ..\r\n2017/07/09  11:25                52 readme.txt\r\n2017/07/09  18:29             2,796 taskRuner.js\r\n               2 锟斤拷锟侥硷拷          2,848 锟街斤拷\r\n               2 锟斤拷目录 50,890,203,136 锟斤拷锟斤拷锟街斤拷\r\n"}
19-16-36 : 任务提交失败:""
19-16-39 : 任务提交失败:""
19-16-42 : 任务提交失败:""
19-16-45 : 任务提交失败:""
19-16-48 : 任务提交失败:""
19-16-51 : 任务提交失败:""
19-16-54 : 任务提交失败:""
19-17-5 : 任务提交失败:{"title":"Task","type":1,"exec":"dir","createdTime":1499599024,"id":"170","result":" 锟斤拷锟斤拷锟斤拷 D 锟叫的撅拷锟斤拷 锟斤拷锟斤拷\r\n 锟斤拷锟斤拷锟斤拷锟叫猴拷锟斤拷 9A2D-B5DA\r\n\r\n d:\\www\\wwwroot\\node\\taskqueue\\console 锟斤拷目录\r\n\r\n2017/07/09  18:29    <DIR>          .\r\n2017/07/09  18:29    <DIR>          ..\r\n2017/07/09  11:25                52 readme.txt\r\n2017/07/09  18:29             2,796 taskRuner.js\r\n               2 锟斤拷锟侥硷拷          2,848 锟街斤拷\r\n               2 锟斤拷目录 50,890,203,136 锟斤拷锟斤拷锟街斤拷\r\n"}
19-17-7 : 任务提交失败:{"title":"Task","type":1,"exec":"dir","createdTime":1499599025,"id":"171","result":" 锟斤拷锟斤拷锟斤拷 D 锟叫的撅拷锟斤拷 锟斤拷锟斤拷\r\n 锟斤拷锟斤拷锟斤拷锟叫猴拷锟斤拷 9A2D-B5DA\r\n\r\n d:\\www\\wwwroot\\node\\taskqueue\\console 锟斤拷目录\r\n\r\n2017/07/09  18:29    <DIR>          .\r\n2017/07/09  18:29    <DIR>          ..\r\n2017/07/09  11:25                52 readme.txt\r\n2017/07/09  18:29             2,796 taskRuner.js\r\n               2 锟斤拷锟侥硷拷          2,848 锟街斤拷\r\n               2 锟斤拷目录 50,890,203,136 锟斤拷锟斤拷锟街斤拷\r\n"}
19-17-9 : 任务提交失败:{"title":"Task","type":1,"exec":"dir","createdTime":1499599025,"id":"172","result":" 锟斤拷锟斤拷锟斤拷 D 锟叫的撅拷锟斤拷 锟斤拷锟斤拷\r\n 锟斤拷锟斤拷锟斤拷锟叫猴拷锟斤拷 9A2D-B5DA\r\n\r\n d:\\www\\wwwroot\\node\\taskqueue\\console 锟斤拷目录\r\n\r\n2017/07/09  18:29    <DIR>          .\r\n2017/07/09  18:29    <DIR>          ..\r\n2017/07/09  11:25                52 readme.txt\r\n2017/07/09  18:29             2,796 taskRuner.js\r\n               2 锟斤拷锟侥硷拷          2,848 锟街斤拷\r\n               2 锟斤拷目录 50,890,203,136 锟斤拷锟斤拷锟街斤拷\r\n"}
19-17-11 : 任务提交失败:{"title":"Task","type":1,"exec":"dir","createdTime":1499599026,"id":"173","result":" 锟斤拷锟斤拷锟斤拷 D 锟叫的撅拷锟斤拷 锟斤拷锟斤拷\r\n 锟斤拷锟斤拷锟斤拷锟叫猴拷锟斤拷 9A2D-B5DA\r\n\r\n d:\\www\\wwwroot\\node\\taskqueue\\console 锟斤拷目录\r\n\r\n2017/07/09  18:29    <DIR>          .\r\n2017/07/09  18:29    <DIR>          ..\r\n2017/07/09  11:25                52 readme.txt\r\n2017/07/09  18:29             2,796 taskRuner.js\r\n               2 锟斤拷锟侥硷拷          2,848 锟街斤拷\r\n               2 锟斤拷目录 50,890,199,040 锟斤拷锟斤拷锟街斤拷\r\n"}
19-17-13 : 任务提交失败:{"title":"Task","type":1,"exec":"dir","createdTime":1499599027,"id":"174","result":" 锟斤拷锟斤拷锟斤拷 D 锟叫的撅拷锟斤拷 锟斤拷锟斤拷\r\n 锟斤拷锟斤拷锟斤拷锟叫猴拷锟斤拷 9A2D-B5DA\r\n\r\n d:\\www\\wwwroot\\node\\taskqueue\\console 锟斤拷目录\r\n\r\n2017/07/09  18:29    <DIR>          .\r\n2017/07/09  18:29    <DIR>          ..\r\n2017/07/09  11:25                52 readme.txt\r\n2017/07/09  18:29             2,796 taskRuner.js\r\n               2 锟斤拷锟侥硷拷          2,848 锟街斤拷\r\n               2 锟斤拷目录 50,890,199,040 锟斤拷锟斤拷锟街斤拷\r\n"}
19-17-15 : 任务提交失败:{"title":"Task","type":1,"exec":"dir","createdTime":1499599027,"id":"175","result":" 锟斤拷锟斤拷锟斤拷 D 锟叫的撅拷锟斤拷 锟斤拷锟斤拷\r\n 锟斤拷锟斤拷锟斤拷锟叫猴拷锟斤拷 9A2D-B5DA\r\n\r\n d:\\www\\wwwroot\\node\\taskqueue\\console 锟斤拷目录\r\n\r\n2017/07/09  18:29    <DIR>          .\r\n2017/07/09  18:29    <DIR>          ..\r\n2017/07/09  11:25                52 readme.txt\r\n2017/07/09  18:29             2,796 taskRuner.js\r\n               2 锟斤拷锟侥硷拷          2,848 锟街斤拷\r\n               2 锟斤拷目录 50,890,199,040 锟斤拷锟斤拷锟街斤拷\r\n"}
19-17-17 : 任务提交失败:{"title":"Task","type":1,"exec":"dir","createdTime":1499599028,"id":"176","result":" 锟斤拷锟斤拷锟斤拷 D 锟叫的撅拷锟斤拷 锟斤拷锟斤拷\r\n 锟斤拷锟斤拷锟斤拷锟叫猴拷锟斤拷 9A2D-B5DA\r\n\r\n d:\\www\\wwwroot\\node\\taskqueue\\console 锟斤拷目录\r\n\r\n2017/07/09  18:29    <DIR>          .\r\n2017/07/09  18:29    <DIR>          ..\r\n2017/07/09  11:25                52 readme.txt\r\n2017/07/09  18:29             2,796 taskRuner.js\r\n               2 锟斤拷锟侥硷拷          2,848 锟街斤拷\r\n               2 锟斤拷目录 50,890,199,040 锟斤拷锟斤拷锟街斤拷\r\n"}
19-17-19 : 任务提交失败:{"title":"Task","type":1,"exec":"dir","createdTime":1499599028,"id":"177","result":" 锟斤拷锟斤拷锟斤拷 D 锟叫的撅拷锟斤拷 锟斤拷锟斤拷\r\n 锟斤拷锟斤拷锟斤拷锟叫猴拷锟斤拷 9A2D-B5DA\r\n\r\n d:\\www\\wwwroot\\node\\taskqueue\\console 锟斤拷目录\r\n\r\n2017/07/09  18:29    <DIR>          .\r\n2017/07/09  18:29    <DIR>          ..\r\n2017/07/09  11:25                52 readme.txt\r\n2017/07/09  18:29             2,796 taskRuner.js\r\n               2 锟斤拷锟侥硷拷          2,848 锟街斤拷\r\n               2 锟斤拷目录 50,890,199,040 锟斤拷锟斤拷锟街斤拷\r\n"}
19-17-23 : 任务提交失败:""
19-17-26 : 任务提交失败:""
19-17-29 : 任务提交失败:""
19-17-32 : 任务提交失败:""
19-17-35 : 任务提交失败:""
19-17-38 : 任务提交失败:""
19-17-41 : 任务提交失败:""
19-17-44 : 任务提交失败:""
19-17-47 : 任务提交失败:""
19-17-50 : 任务提交失败:""
19-17-53 : 任务提交失败:""
19-17-56 : 任务提交失败:""
19-17-59 : 任务提交失败:""
19-18-2 : 任务提交失败:""
19-18-5 : 任务提交失败:""
19-18-8 : 任务提交失败:""
19-18-11 : 任务提交失败:""
19-18-14 : 任务提交失败:""
19-18-17 : 任务提交失败:""
19-18-20 : 任务提交失败:""
19-18-23 : 任务提交失败:""
19-18-26 : 任务提交失败:""
19-18-29 : 任务提交失败:""
19-18-32 : 任务提交失败:""
19-18-35 : 任务提交失败:""
19-18-39 : 任务提交失败:""
19-18-42 : 任务提交失败:""
19-18-45 : 任务提交失败:""
19-18-48 : 任务提交失败:""
19-18-51 : 任务提交失败:""
19-18-54 : 任务提交失败:""
19-18-57 : 任务提交失败:""
19-19-0 : 任务提交失败:""
19-19-3 : 任务提交失败:""
19-19-6 : 任务提交失败:""
19-19-9 : 任务提交失败:""
19-19-12 : 任务提交失败:""
19-19-15 : 任务提交失败:""
19-19-18 : 任务提交失败:""
19-19-21 : 任务提交失败:""
19-19-24 : 任务提交失败:""
19-19-49 : 任务提交失败:""
19-19-52 : 任务提交失败:""
19-19-55 : 任务提交失败:""
19-19-58 : 任务提交失败:""
19-20-1 : 任务提交失败:""
19-20-4 : 任务提交失败:""
19-20-7 : 任务提交失败:""
19-20-10 : 任务提交失败:""
19-20-12 : 任务提交失败:{"title":"Task","type":1,"exec":"dir","createdTime":1499599029,"id":"178","result":" 锟斤拷锟斤拷锟斤拷 D 锟叫的撅拷锟斤拷 锟斤拷锟斤拷\r\n 锟斤拷锟斤拷锟斤拷锟叫猴拷锟斤拷 9A2D-B5DA\r\n\r\n d:\\www\\wwwroot\\node\\taskqueue\\console 锟斤拷目录\r\n\r\n2017/07/09  19:19    <DIR>          .\r\n2017/07/09  19:19    <DIR>          ..\r\n2017/07/09  11:25                52 readme.txt\r\n2017/07/09  19:19             2,793 taskRuner.js\r\n               2 锟斤拷锟侥硷拷          2,845 锟街斤拷\r\n               2 锟斤拷目录 50,890,194,944 锟斤拷锟斤拷锟街斤拷\r\n"}
19-20-14 : 任务提交失败:{"title":"Task","type":1,"exec":"dir","createdTime":1499599029,"id":"179","result":" 锟斤拷锟斤拷锟斤拷 D 锟叫的撅拷锟斤拷 锟斤拷锟斤拷\r\n 锟斤拷锟斤拷锟斤拷锟叫猴拷锟斤拷 9A2D-B5DA\r\n\r\n d:\\www\\wwwroot\\node\\taskqueue\\console 锟斤拷目录\r\n\r\n2017/07/09  19:19    <DIR>          .\r\n2017/07/09  19:19    <DIR>          ..\r\n2017/07/09  11:25                52 readme.txt\r\n2017/07/09  19:19             2,793 taskRuner.js\r\n               2 锟斤拷锟侥硷拷          2,845 锟街斤拷\r\n               2 锟斤拷目录 50,890,194,944 锟斤拷锟斤拷锟街斤拷\r\n"}
19-20-16 : 任务提交失败:{"title":"Task","type":1,"exec":"dir","createdTime":1499599030,"id":"180","result":" 锟斤拷锟斤拷锟斤拷 D 锟叫的撅拷锟斤拷 锟斤拷锟斤拷\r\n 锟斤拷锟斤拷锟斤拷锟叫猴拷锟斤拷 9A2D-B5DA\r\n\r\n d:\\www\\wwwroot\\node\\taskqueue\\console 锟斤拷目录\r\n\r\n2017/07/09  19:19    <DIR>          .\r\n2017/07/09  19:19    <DIR>          ..\r\n2017/07/09  11:25                52 readme.txt\r\n2017/07/09  19:19             2,793 taskRuner.js\r\n               2 锟斤拷锟侥硷拷          2,845 锟街斤拷\r\n               2 锟斤拷目录 50,890,194,944 锟斤拷锟斤拷锟街斤拷\r\n"}
19-20-18 : 任务提交失败:{"title":"Task","type":1,"exec":"dir","createdTime":1499599030,"id":"181","result":" 锟斤拷锟斤拷锟斤拷 D 锟叫的撅拷锟斤拷 锟斤拷锟斤拷\r\n 锟斤拷锟斤拷锟斤拷锟叫猴拷锟斤拷 9A2D-B5DA\r\n\r\n d:\\www\\wwwroot\\node\\taskqueue\\console 锟斤拷目录\r\n\r\n2017/07/09  19:19    <DIR>          .\r\n2017/07/09  19:19    <DIR>          ..\r\n2017/07/09  11:25                52 readme.txt\r\n2017/07/09  19:19             2,793 taskRuner.js\r\n               2 锟斤拷锟侥硷拷          2,845 锟街斤拷\r\n               2 锟斤拷目录 50,890,194,944 锟斤拷锟斤拷锟街斤拷\r\n"}
19-20-56 : 任务提交失败:{"title":"Task","type":1,"exec":"dir","createdTime":1499599254,"id":"182","result":" 锟斤拷锟斤拷锟斤拷 D 锟叫的撅拷锟斤拷 锟斤拷锟斤拷\r\n 锟斤拷锟斤拷锟斤拷锟叫猴拷锟斤拷 9A2D-B5DA\r\n\r\n d:\\www\\wwwroot\\node\\taskqueue\\console 锟斤拷目录\r\n\r\n2017/07/09  19:19    <DIR>          .\r\n2017/07/09  19:19    <DIR>          ..\r\n2017/07/09  11:25                52 readme.txt\r\n2017/07/09  19:19             2,793 taskRuner.js\r\n               2 锟斤拷锟侥硷拷          2,845 锟街斤拷\r\n               2 锟斤拷目录 50,890,194,944 锟斤拷锟斤拷锟街斤拷\r\n"}
19-20-58 : 任务提交失败:{"title":"Task","type":1,"exec":"dir","createdTime":1499599255,"id":"183","result":" 锟斤拷锟斤拷锟斤拷 D 锟叫的撅拷锟斤拷 锟斤拷锟斤拷\r\n 锟斤拷锟斤拷锟斤拷锟叫猴拷锟斤拷 9A2D-B5DA\r\n\r\n d:\\www\\wwwroot\\node\\taskqueue\\console 锟斤拷目录\r\n\r\n2017/07/09  19:19    <DIR>          .\r\n2017/07/09  19:19    <DIR>          ..\r\n2017/07/09  11:25                52 readme.txt\r\n2017/07/09  19:19             2,793 taskRuner.js\r\n               2 锟斤拷锟侥硷拷          2,845 锟街斤拷\r\n               2 锟斤拷目录 50,890,190,848 锟斤拷锟斤拷锟街斤拷\r\n"}
19-21-0 : 任务提交失败:{"title":"Task","type":1,"exec":"dir","createdTime":1499599255,"id":"184","result":" 锟斤拷锟斤拷锟斤拷 D 锟叫的撅拷锟斤拷 锟斤拷锟斤拷\r\n 锟斤拷锟斤拷锟斤拷锟叫猴拷锟斤拷 9A2D-B5DA\r\n\r\n d:\\www\\wwwroot\\node\\taskqueue\\console 锟斤拷目录\r\n\r\n2017/07/09  19:19    <DIR>          .\r\n2017/07/09  19:19    <DIR>          ..\r\n2017/07/09  11:25                52 readme.txt\r\n2017/07/09  19:19             2,793 taskRuner.js\r\n               2 锟斤拷锟侥硷拷          2,845 锟街斤拷\r\n               2 锟斤拷目录 50,890,190,848 锟斤拷锟斤拷锟街斤拷\r\n"}
19-42-54 : 任务提交失败:{"title":"Task","type":1,"exec":"dir","createdTime":1499600287,"id":"188","result":" 锟斤拷锟斤拷锟斤拷 D 锟叫的撅拷锟斤拷 锟斤拷锟斤拷\r\n 锟斤拷锟斤拷锟斤拷锟叫猴拷锟斤拷 9A2D-B5DA\r\n\r\n d:\\www\\wwwroot\\node\\taskqueue\\console 锟斤拷目录\r\n\r\n2017/07/09  19:42    <DIR>          .\r\n2017/07/09  19:42    <DIR>          ..\r\n2017/07/09  11:25                52 readme.txt\r\n2017/07/09  19:42             3,240 taskRuner.js\r\n               2 锟斤拷锟侥硷拷          3,292 锟街斤拷\r\n               2 锟斤拷目录 50,890,190,848 锟斤拷锟斤拷锟街斤拷\r\n"}
19-42-56 : 任务提交失败:{"title":"Task","type":1,"exec":"dir","createdTime":1499600288,"id":"189","result":" 锟斤拷锟斤拷锟斤拷 D 锟叫的撅拷锟斤拷 锟斤拷锟斤拷\r\n 锟斤拷锟斤拷锟斤拷锟叫猴拷锟斤拷 9A2D-B5DA\r\n\r\n d:\\www\\wwwroot\\node\\taskqueue\\console 锟斤拷目录\r\n\r\n2017/07/09  19:42    <DIR>          .\r\n2017/07/09  19:42    <DIR>          ..\r\n2017/07/09  11:25                52 readme.txt\r\n2017/07/09  19:42             3,240 taskRuner.js\r\n               2 锟斤拷锟侥硷拷          3,292 锟街斤拷\r\n               2 锟斤拷目录 50,890,190,848 锟斤拷锟斤拷锟街斤拷\r\n"}
19-42-58 : 任务提交失败:{"title":"Task","type":1,"exec":"dir","createdTime":1499600288,"id":"190","result":" 锟斤拷锟斤拷锟斤拷 D 锟叫的撅拷锟斤拷 锟斤拷锟斤拷\r\n 锟斤拷锟斤拷锟斤拷锟叫猴拷锟斤拷 9A2D-B5DA\r\n\r\n d:\\www\\wwwroot\\node\\taskqueue\\console 锟斤拷目录\r\n\r\n2017/07/09  19:42    <DIR>          .\r\n2017/07/09  19:42    <DIR>          ..\r\n2017/07/09  11:25                52 readme.txt\r\n2017/07/09  19:42             3,240 taskRuner.js\r\n               2 锟斤拷锟侥硷拷          3,292 锟街斤拷\r\n               2 锟斤拷目录 50,890,190,848 锟斤拷锟斤拷锟街斤拷\r\n"}
19-43-0 : 任务提交失败:{"title":"Task","type":1,"exec":"dir","createdTime":1499600289,"id":"191","result":" 锟斤拷锟斤拷锟斤拷 D 锟叫的撅拷锟斤拷 锟斤拷锟斤拷\r\n 锟斤拷锟斤拷锟斤拷锟叫猴拷锟斤拷 9A2D-B5DA\r\n\r\n d:\\www\\wwwroot\\node\\taskqueue\\console 锟斤拷目录\r\n\r\n2017/07/09  19:42    <DIR>          .\r\n2017/07/09  19:42    <DIR>          ..\r\n2017/07/09  11:25                52 readme.txt\r\n2017/07/09  19:42             3,240 taskRuner.js\r\n               2 锟斤拷锟侥硷拷          3,292 锟街斤拷\r\n               2 锟斤拷目录 50,890,190,848 锟斤拷锟斤拷锟街斤拷\r\n"}
19-43-3 : 任务提交失败:{"title":"Task","type":1,"exec":"dir","createdTime":1499600289,"id":"192","result":" 锟斤拷锟斤拷锟斤拷 D 锟叫的撅拷锟斤拷 锟斤拷锟斤拷\r\n 锟斤拷锟斤拷锟斤拷锟叫猴拷锟斤拷 9A2D-B5DA\r\n\r\n d:\\www\\wwwroot\\node\\taskqueue\\console 锟斤拷目录\r\n\r\n2017/07/09  19:42    <DIR>          .\r\n2017/07/09  19:42    <DIR>          ..\r\n2017/07/09  11:25                52 readme.txt\r\n2017/07/09  19:42             3,240 taskRuner.js\r\n               2 锟斤拷锟侥硷拷          3,292 锟街斤拷\r\n               2 锟斤拷目录 50,890,190,848 锟斤拷锟斤拷锟街斤拷\r\n"}
19-43-5 : 任务提交失败:{"title":"Task","type":1,"exec":"dir","createdTime":1499600290,"id":"193","result":" 锟斤拷锟斤拷锟斤拷 D 锟叫的撅拷锟斤拷 锟斤拷锟斤拷\r\n 锟斤拷锟斤拷锟斤拷锟叫猴拷锟斤拷 9A2D-B5DA\r\n\r\n d:\\www\\wwwroot\\node\\taskqueue\\console 锟斤拷目录\r\n\r\n2017/07/09  19:42    <DIR>          .\r\n2017/07/09  19:42    <DIR>          ..\r\n2017/07/09  11:25                52 readme.txt\r\n2017/07/09  19:42             3,240 taskRuner.js\r\n               2 锟斤拷锟侥硷拷          3,292 锟街斤拷\r\n               2 锟斤拷目录 50,890,186,752 锟斤拷锟斤拷锟街斤拷\r\n"}
19-43-7 : 任务提交失败:{"title":"Task","type":1,"exec":"dir","createdTime":1499600290,"id":"194","result":" 锟斤拷锟斤拷锟斤拷 D 锟叫的撅拷锟斤拷 锟斤拷锟斤拷\r\n 锟斤拷锟斤拷锟斤拷锟叫猴拷锟斤拷 9A2D-B5DA\r\n\r\n d:\\www\\wwwroot\\node\\taskqueue\\console 锟斤拷目录\r\n\r\n2017/07/09  19:42    <DIR>          .\r\n2017/07/09  19:42    <DIR>          ..\r\n2017/07/09  11:25                52 readme.txt\r\n2017/07/09  19:42             3,240 taskRuner.js\r\n               2 锟斤拷锟侥硷拷          3,292 锟街斤拷\r\n               2 锟斤拷目录 50,890,186,752 锟斤拷锟斤拷锟街斤拷\r\n"}
19-43-9 : 任务提交失败:{"title":"Task","type":1,"exec":"dir","createdTime":1499600291,"id":"195","result":" 锟斤拷锟斤拷锟斤拷 D 锟叫的撅拷锟斤拷 锟斤拷锟斤拷\r\n 锟斤拷锟斤拷锟斤拷锟叫猴拷锟斤拷 9A2D-B5DA\r\n\r\n d:\\www\\wwwroot\\node\\taskqueue\\console 锟斤拷目录\r\n\r\n2017/07/09  19:42    <DIR>          .\r\n2017/07/09  19:42    <DIR>          ..\r\n2017/07/09  11:25                52 readme.txt\r\n2017/07/09  19:42             3,240 taskRuner.js\r\n               2 锟斤拷锟侥硷拷          3,292 锟街斤拷\r\n               2 锟斤拷目录 50,890,186,752 锟斤拷锟斤拷锟街斤拷\r\n"}
19-43-11 : 任务提交失败:{"title":"Task","type":1,"exec":"dir","createdTime":1499600291,"id":"196","result":" 锟斤拷锟斤拷锟斤拷 D 锟叫的撅拷锟斤拷 锟斤拷锟斤拷\r\n 锟斤拷锟斤拷锟斤拷锟叫猴拷锟斤拷 9A2D-B5DA\r\n\r\n d:\\www\\wwwroot\\node\\taskqueue\\console 锟斤拷目录\r\n\r\n2017/07/09  19:42    <DIR>          .\r\n2017/07/09  19:42    <DIR>          ..\r\n2017/07/09  11:25                52 readme.txt\r\n2017/07/09  19:42             3,240 taskRuner.js\r\n               2 锟斤拷锟侥硷拷          3,292 锟街斤拷\r\n               2 锟斤拷目录 50,890,186,752 锟斤拷锟斤拷锟街斤拷\r\n"}
19-43-13 : 任务提交失败:{"title":"Task","type":1,"exec":"dir","createdTime":1499600292,"id":"197","result":" 锟斤拷锟斤拷锟斤拷 D 锟叫的撅拷锟斤拷 锟斤拷锟斤拷\r\n 锟斤拷锟斤拷锟斤拷锟叫猴拷锟斤拷 9A2D-B5DA\r\n\r\n d:\\www\\wwwroot\\node\\taskqueue\\console 锟斤拷目录\r\n\r\n2017/07/09  19:42    <DIR>          .\r\n2017/07/09  19:42    <DIR>          ..\r\n2017/07/09  11:25                52 readme.txt\r\n2017/07/09  19:42             3,240 taskRuner.js\r\n               2 锟斤拷锟侥硷拷          3,292 锟街斤拷\r\n               2 锟斤拷目录 50,890,186,752 锟斤拷锟斤拷锟街斤拷\r\n"}
19-43-15 : 任务提交失败:{"title":"Task","type":1,"exec":"dir","createdTime":1499600292,"id":"198","result":" 锟斤拷锟斤拷锟斤拷 D 锟叫的撅拷锟斤拷 锟斤拷锟斤拷\r\n 锟斤拷锟斤拷锟斤拷锟叫猴拷锟斤拷 9A2D-B5DA\r\n\r\n d:\\www\\wwwroot\\node\\taskqueue\\console 锟斤拷目录\r\n\r\n2017/07/09  19:42    <DIR>          .\r\n2017/07/09  19:42    <DIR>          ..\r\n2017/07/09  11:25                52 readme.txt\r\n2017/07/09  19:42             3,240 taskRuner.js\r\n               2 锟斤拷锟侥硷拷          3,292 锟街斤拷\r\n               2 锟斤拷目录 50,890,186,752 锟斤拷锟斤拷锟街斤拷\r\n"}
19-43-17 : 任务提交失败:{"title":"Task","type":1,"exec":"dir","createdTime":1499600293,"id":"199","result":" 锟斤拷锟斤拷锟斤拷 D 锟叫的撅拷锟斤拷 锟斤拷锟斤拷\r\n 锟斤拷锟斤拷锟斤拷锟叫猴拷锟斤拷 9A2D-B5DA\r\n\r\n d:\\www\\wwwroot\\node\\taskqueue\\console 锟斤拷目录\r\n\r\n2017/07/09  19:42    <DIR>          .\r\n2017/07/09  19:42    <DIR>          ..\r\n2017/07/09  11:25                52 readme.txt\r\n2017/07/09  19:42             3,240 taskRuner.js\r\n               2 锟斤拷锟侥硷拷          3,292 锟街斤拷\r\n               2 锟斤拷目录 50,890,182,656 锟斤拷锟斤拷锟街斤拷\r\n"}
19-43-19 : 任务提交失败:{"title":"Task","type":1,"exec":"dir","createdTime":1499600293,"id":"200","result":" 锟斤拷锟斤拷锟斤拷 D 锟叫的撅拷锟斤拷 锟斤拷锟斤拷\r\n 锟斤拷锟斤拷锟斤拷锟叫猴拷锟斤拷 9A2D-B5DA\r\n\r\n d:\\www\\wwwroot\\node\\taskqueue\\console 锟斤拷目录\r\n\r\n2017/07/09  19:42    <DIR>          .\r\n2017/07/09  19:42    <DIR>          ..\r\n2017/07/09  11:25                52 readme.txt\r\n2017/07/09  19:42             3,240 taskRuner.js\r\n               2 锟斤拷锟侥硷拷          3,292 锟街斤拷\r\n               2 锟斤拷目录 50,890,182,656 锟斤拷锟斤拷锟街斤拷\r\n"}
19-43-21 : 任务提交失败:{"title":"Task","type":1,"exec":"dir","createdTime":1499600294,"id":"201","result":" 锟斤拷锟斤拷锟斤拷 D 锟叫的撅拷锟斤拷 锟斤拷锟斤拷\r\n 锟斤拷锟斤拷锟斤拷锟叫猴拷锟斤拷 9A2D-B5DA\r\n\r\n d:\\www\\wwwroot\\node\\taskqueue\\console 锟斤拷目录\r\n\r\n2017/07/09  19:42    <DIR>          .\r\n2017/07/09  19:42    <DIR>          ..\r\n2017/07/09  11:25                52 readme.txt\r\n2017/07/09  19:42             3,240 taskRuner.js\r\n               2 锟斤拷锟侥硷拷          3,292 锟街斤拷\r\n               2 锟斤拷目录 50,890,182,656 锟斤拷锟斤拷锟街斤拷\r\n"}
19-43-23 : 任务提交失败:{"title":"Task","type":1,"exec":"dir","createdTime":1499600294,"id":"202","result":" 锟斤拷锟斤拷锟斤拷 D 锟叫的撅拷锟斤拷 锟斤拷锟斤拷\r\n 锟斤拷锟斤拷锟斤拷锟叫猴拷锟斤拷 9A2D-B5DA\r\n\r\n d:\\www\\wwwroot\\node\\taskqueue\\console 锟斤拷目录\r\n\r\n2017/07/09  19:42    <DIR>          .\r\n2017/07/09  19:42    <DIR>          ..\r\n2017/07/09  11:25                52 readme.txt\r\n2017/07/09  19:42             3,240 taskRuner.js\r\n               2 锟斤拷锟侥硷拷          3,292 锟街斤拷\r\n               2 锟斤拷目录 50,890,182,656 锟斤拷锟斤拷锟街斤拷\r\n"}
19-43-25 : 任务提交失败:{"title":"Task","type":1,"exec":"dir","createdTime":1499600294,"id":"203","result":" 锟斤拷锟斤拷锟斤拷 D 锟叫的撅拷锟斤拷 锟斤拷锟斤拷\r\n 锟斤拷锟斤拷锟斤拷锟叫猴拷锟斤拷 9A2D-B5DA\r\n\r\n d:\\www\\wwwroot\\node\\taskqueue\\console 锟斤拷目录\r\n\r\n2017/07/09  19:42    <DIR>          .\r\n2017/07/09  19:42    <DIR>          ..\r\n2017/07/09  11:25                52 readme.txt\r\n2017/07/09  19:42             3,240 taskRuner.js\r\n               2 锟斤拷锟侥硷拷          3,292 锟街斤拷\r\n               2 锟斤拷目录 50,890,182,656 锟斤拷锟斤拷锟街斤拷\r\n"}
19-43-27 : 任务提交失败:{"title":"Task","type":1,"exec":"dir","createdTime":1499600295,"id":"204","result":" 锟斤拷锟斤拷锟斤拷 D 锟叫的撅拷锟斤拷 锟斤拷锟斤拷\r\n 锟斤拷锟斤拷锟斤拷锟叫猴拷锟斤拷 9A2D-B5DA\r\n\r\n d:\\www\\wwwroot\\node\\taskqueue\\console 锟斤拷目录\r\n\r\n2017/07/09  19:42    <DIR>          .\r\n2017/07/09  19:42    <DIR>          ..\r\n2017/07/09  11:25                52 readme.txt\r\n2017/07/09  19:42             3,240 taskRuner.js\r\n               2 锟斤拷锟侥硷拷          3,292 锟街斤拷\r\n               2 锟斤拷目录 50,890,182,656 锟斤拷锟斤拷锟街斤拷\r\n"}
19-43-29 : 任务提交失败:{"title":"Task","type":1,"exec":"dir","createdTime":1499600295,"id":"205","result":" 锟斤拷锟斤拷锟斤拷 D 锟叫的撅拷锟斤拷 锟斤拷锟斤拷\r\n 锟斤拷锟斤拷锟斤拷锟叫猴拷锟斤拷 9A2D-B5DA\r\n\r\n d:\\www\\wwwroot\\node\\taskqueue\\console 锟斤拷目录\r\n\r\n2017/07/09  19:42    <DIR>          .\r\n2017/07/09  19:42    <DIR>          ..\r\n2017/07/09  11:25                52 readme.txt\r\n2017/07/09  19:42             3,240 taskRuner.js\r\n               2 锟斤拷锟侥硷拷          3,292 锟街斤拷\r\n               2 锟斤拷目录 50,890,178,560 锟斤拷锟斤拷锟街斤拷\r\n"}
19-43-31 : 任务提交失败:{"title":"Task","type":1,"exec":"dir","createdTime":1499600296,"id":"206","result":" 锟斤拷锟斤拷锟斤拷 D 锟叫的撅拷锟斤拷 锟斤拷锟斤拷\r\n 锟斤拷锟斤拷锟斤拷锟叫猴拷锟斤拷 9A2D-B5DA\r\n\r\n d:\\www\\wwwroot\\node\\taskqueue\\console 锟斤拷目录\r\n\r\n2017/07/09  19:42    <DIR>          .\r\n2017/07/09  19:42    <DIR>          ..\r\n2017/07/09  11:25                52 readme.txt\r\n2017/07/09  19:42             3,240 taskRuner.js\r\n               2 锟斤拷锟侥硷拷          3,292 锟街斤拷\r\n               2 锟斤拷目录 50,890,178,560 锟斤拷锟斤拷锟街斤拷\r\n"}
19-43-33 : 任务提交失败:{"title":"Task","type":1,"exec":"dir","createdTime":1499600296,"id":"207","result":" 锟斤拷锟斤拷锟斤拷 D 锟叫的撅拷锟斤拷 锟斤拷锟斤拷\r\n 锟斤拷锟斤拷锟斤拷锟叫猴拷锟斤拷 9A2D-B5DA\r\n\r\n d:\\www\\wwwroot\\node\\taskqueue\\console 锟斤拷目录\r\n\r\n2017/07/09  19:42    <DIR>          .\r\n2017/07/09  19:42    <DIR>          ..\r\n2017/07/09  11:25                52 readme.txt\r\n2017/07/09  19:42             3,240 taskRuner.js\r\n               2 锟斤拷锟侥硷拷          3,292 锟街斤拷\r\n               2 锟斤拷目录 50,890,178,560 锟斤拷锟斤拷锟街斤拷\r\n"}
19-43-35 : 任务提交失败:{"title":"Task","type":1,"exec":"dir","createdTime":1499600297,"id":"208","result":" 锟斤拷锟斤拷锟斤拷 D 锟叫的撅拷锟斤拷 锟斤拷锟斤拷\r\n 锟斤拷锟斤拷锟斤拷锟叫猴拷锟斤拷 9A2D-B5DA\r\n\r\n d:\\www\\wwwroot\\node\\taskqueue\\console 锟斤拷目录\r\n\r\n2017/07/09  19:42    <DIR>          .\r\n2017/07/09  19:42    <DIR>          ..\r\n2017/07/09  11:25                52 readme.txt\r\n2017/07/09  19:42             3,240 taskRuner.js\r\n               2 锟斤拷锟侥硷拷          3,292 锟街斤拷\r\n               2 锟斤拷目录 50,890,178,560 锟斤拷锟斤拷锟街斤拷\r\n"}
19-43-37 : 任务提交失败:{"title":"Task","type":1,"exec":"dir","createdTime":1499600297,"id":"209","result":" 锟斤拷锟斤拷锟斤拷 D 锟叫的撅拷锟斤拷 锟斤拷锟斤拷\r\n 锟斤拷锟斤拷锟斤拷锟叫猴拷锟斤拷 9A2D-B5DA\r\n\r\n d:\\www\\wwwroot\\node\\taskqueue\\console 锟斤拷目录\r\n\r\n2017/07/09  19:42    <DIR>          .\r\n2017/07/09  19:42    <DIR>          ..\r\n2017/07/09  11:25                52 readme.txt\r\n2017/07/09  19:42             3,240 taskRuner.js\r\n               2 锟斤拷锟侥硷拷          3,292 锟街斤拷\r\n               2 锟斤拷目录 50,890,178,560 锟斤拷锟斤拷锟街斤拷\r\n"}
19-43-40 : 任务提交失败:{"title":"Task","type":1,"exec":"dir","createdTime":1499600297,"id":"210","result":" 锟斤拷锟斤拷锟斤拷 D 锟叫的撅拷锟斤拷 锟斤拷锟斤拷\r\n 锟斤拷锟斤拷锟斤拷锟叫猴拷锟斤拷 9A2D-B5DA\r\n\r\n d:\\www\\wwwroot\\node\\taskqueue\\console 锟斤拷目录\r\n\r\n2017/07/09  19:42    <DIR>          .\r\n2017/07/09  19:42    <DIR>          ..\r\n2017/07/09  11:25                52 readme.txt\r\n2017/07/09  19:42             3,240 taskRuner.js\r\n               2 锟斤拷锟侥硷拷          3,292 锟街斤拷\r\n               2 锟斤拷目录 50,890,178,560 锟斤拷锟斤拷锟街斤拷\r\n"}
19-45-12 : 任务提交失败:{"title":"Task","type":1,"exec":"dir","createdTime":1499600711,"id":"211","result":" 锟斤拷锟斤拷锟斤拷 D 锟叫的撅拷锟斤拷 锟斤拷锟斤拷\r\n 锟斤拷锟斤拷锟斤拷锟叫猴拷锟斤拷 9A2D-B5DA\r\n\r\n d:\\www\\wwwroot\\node\\taskqueue\\console 锟斤拷目录\r\n\r\n2017/07/09  19:42    <DIR>          .\r\n2017/07/09  19:42    <DIR>          ..\r\n2017/07/09  11:25                52 readme.txt\r\n2017/07/09  19:42             3,240 taskRuner.js\r\n               2 锟斤拷锟侥硷拷          3,292 锟街斤拷\r\n               2 锟斤拷目录 50,890,174,464 锟斤拷锟斤拷锟街斤拷\r\n"}
19-45-16 : 任务提交失败:""
19-45-19 : 任务提交失败:""
19-45-22 : 任务提交失败:""
19-45-25 : 任务提交失败:""
19-45-28 : 任务提交失败:""
19-45-31 : 任务提交失败:""
19-45-34 : 任务提交失败:""
19-45-37 : 任务提交失败:""
19-45-40 : 任务提交失败:""
19-45-43 : 任务提交失败:""
19-45-46 : 任务提交失败:""
19-45-49 : 任务提交失败:""
19-45-52 : 任务提交失败:""
19-45-55 : 任务提交失败:""
19-45-58 : 任务提交失败:""
19-46-1 : 任务提交失败:""
19-46-4 : 任务提交失败:""
19-46-7 : 任务提交失败:""
19-46-10 : 任务提交失败:""
19-46-13 : 任务提交失败:""
19-46-16 : 任务提交失败:""
19-46-19 : 任务提交失败:""
19-46-22 : 任务提交失败:""
19-46-25 : 任务提交失败:""
19-46-28 : 任务提交失败:""
19-46-31 : 任务提交失败:""
19-46-34 : 任务提交失败:""
19-46-37 : 任务提交失败:""
19-46-40 : 任务提交失败:""
19-46-43 : 任务提交失败:""
19-46-46 : 任务提交失败:""
19-46-49 : 任务提交失败:""
19-46-52 : 任务提交失败:""
19-46-55 : 任务提交失败:""
19-46-58 : 任务提交失败:""
19-47-1 : 任务提交失败:""
19-47-4 : 任务提交失败:""
19-47-7 : 任务提交失败:""
19-47-10 : 任务提交失败:""
19-47-13 : 任务提交失败:""
19-47-16 : 任务提交失败:""
19-47-19 : 任务提交失败:""
19-47-22 : 任务提交失败:""
19-47-25 : 任务提交失败:""
19-47-28 : 任务提交失败:""
19-47-31 : 任务提交失败:""
19-47-34 : 任务提交失败:""
19-47-37 : 任务提交失败:""
19-47-40 : 任务提交失败:""
19-47-43 : 任务提交失败:""
19-47-46 : 任务提交失败:""
19-47-49 : 任务提交失败:""
19-47-52 : 任务提交失败:""
19-47-55 : 任务提交失败:""
19-48-33 : 任务提交失败:""
19-48-36 : 任务提交失败:""
19-48-39 : 任务提交失败:""
19-48-42 : 任务提交失败:""
19-48-45 : 任务提交失败:""
19-48-48 : 任务提交失败:""
19-48-51 : 任务提交失败:""
19-48-54 : 任务提交失败:""
19-48-57 : 任务提交失败:""
19-48-58 : 任务提交失败:{"title":"Task","type":1,"exec":"dir","createdTime":1499600711,"id":"212","result":" 锟斤拷锟斤拷锟斤拷 D 锟叫的撅拷锟斤拷 锟斤拷锟斤拷\r\n 锟斤拷锟斤拷锟斤拷锟叫猴拷锟斤拷 9A2D-B5DA\r\n\r\n d:\\www\\wwwroot\\node\\taskqueue\\console 锟斤拷目录\r\n\r\n2017/07/09  19:48    <DIR>          .\r\n2017/07/09  19:48    <DIR>          ..\r\n2017/07/09  11:25                52 readme.txt\r\n2017/07/09  19:48             3,224 taskRuner.js\r\n               2 锟斤拷锟侥硷拷          3,276 锟街斤拷\r\n               2 锟斤拷目录 50,890,174,464 锟斤拷锟斤拷锟街斤拷\r\n"}
19-49-2 : 任务提交失败:""
19-49-5 : 任务提交失败:""
19-49-8 : 任务提交失败:""
19-49-11 : 任务提交失败:""
19-49-14 : 任务提交失败:""
19-49-17 : 任务提交失败:""
19-49-21 : 任务提交失败:""
19-49-23 : 任务提交失败:""
19-49-27 : 任务提交失败:""
19-49-30 : 任务提交失败:""
19-49-31 : 任务提交失败:{"title":"Task","type":1,"exec":"dir","createdTime":1499600712,"id":"213","result":" 锟斤拷锟斤拷锟斤拷 D 锟叫的撅拷锟斤拷 锟斤拷锟斤拷\r\n 锟斤拷锟斤拷锟斤拷锟叫猴拷锟斤拷 9A2D-B5DA\r\n\r\n d:\\www\\wwwroot\\node\\taskqueue\\console 锟斤拷目录\r\n\r\n2017/07/09  19:48    <DIR>          .\r\n2017/07/09  19:48    <DIR>          ..\r\n2017/07/09  11:25                52 readme.txt\r\n2017/07/09  19:48             3,224 taskRuner.js\r\n               2 锟斤拷锟侥硷拷          3,276 锟街斤拷\r\n               2 锟斤拷目录 50,890,174,464 锟斤拷锟斤拷锟街斤拷\r\n"}
19-49-33 : 任务提交失败:{"title":"Task","type":1,"exec":"dir","createdTime":1499600713,"id":"214","result":" 锟斤拷锟斤拷锟斤拷 D 锟叫的撅拷锟斤拷 锟斤拷锟斤拷\r\n 锟斤拷锟斤拷锟斤拷锟叫猴拷锟斤拷 9A2D-B5DA\r\n\r\n d:\\www\\wwwroot\\node\\taskqueue\\console 锟斤拷目录\r\n\r\n2017/07/09  19:48    <DIR>          .\r\n2017/07/09  19:48    <DIR>          ..\r\n2017/07/09  11:25                52 readme.txt\r\n2017/07/09  19:48             3,224 taskRuner.js\r\n               2 锟斤拷锟侥硷拷          3,276 锟街斤拷\r\n               2 锟斤拷目录 50,890,170,368 锟斤拷锟斤拷锟街斤拷\r\n"}
19-49-37 : 任务提交失败:""
19-49-40 : 任务提交失败:""
19-49-43 : 任务提交失败:""
19-49-46 : 任务提交失败:""
19-49-49 : 任务提交失败:""
19-49-52 : 任务提交失败:""
19-49-55 : 任务提交失败:""
19-49-58 : 任务提交失败:""
19-50-1 : 任务提交失败:""
19-50-11 : 任务提交失败:{"title":"Task","type":1,"exec":"dir","createdTime":1499601011,"id":"215","result":" 锟斤拷锟斤拷锟斤拷 D 锟叫的撅拷锟斤拷 锟斤拷锟斤拷\r\n 锟斤拷锟斤拷锟斤拷锟叫猴拷锟斤拷 9A2D-B5DA\r\n\r\n d:\\www\\wwwroot\\node\\taskqueue\\console 锟斤拷目录\r\n\r\n2017/07/09  19:48    <DIR>          .\r\n2017/07/09  19:48    <DIR>          ..\r\n2017/07/09  11:25                52 readme.txt\r\n2017/07/09  19:48             3,224 taskRuner.js\r\n               2 锟斤拷锟侥硷拷          3,276 锟街斤拷\r\n               2 锟斤拷目录 50,890,170,368 锟斤拷锟斤拷锟街斤拷\r\n"}
19-50-13 : 任务提交失败:{"title":"Task","type":1,"exec":"dir","createdTime":1499601011,"id":"216","result":" 锟斤拷锟斤拷锟斤拷 D 锟叫的撅拷锟斤拷 锟斤拷锟斤拷\r\n 锟斤拷锟斤拷锟斤拷锟叫猴拷锟斤拷 9A2D-B5DA\r\n\r\n d:\\www\\wwwroot\\node\\taskqueue\\console 锟斤拷目录\r\n\r\n2017/07/09  19:48    <DIR>          .\r\n2017/07/09  19:48    <DIR>          ..\r\n2017/07/09  11:25                52 readme.txt\r\n2017/07/09  19:48             3,224 taskRuner.js\r\n               2 锟斤拷锟侥硷拷          3,276 锟街斤拷\r\n               2 锟斤拷目录 50,890,170,368 锟斤拷锟斤拷锟街斤拷\r\n"}
19-50-15 : 任务提交失败:{"title":"Task","type":1,"exec":"dir","createdTime":1499601013,"id":"217","result":" 锟斤拷锟斤拷锟斤拷 D 锟叫的撅拷锟斤拷 锟斤拷锟斤拷\r\n 锟斤拷锟斤拷锟斤拷锟叫猴拷锟斤拷 9A2D-B5DA\r\n\r\n d:\\www\\wwwroot\\node\\taskqueue\\console 锟斤拷目录\r\n\r\n2017/07/09  19:48    <DIR>          .\r\n2017/07/09  19:48    <DIR>          ..\r\n2017/07/09  11:25                52 readme.txt\r\n2017/07/09  19:48             3,224 taskRuner.js\r\n               2 锟斤拷锟侥硷拷          3,276 锟街斤拷\r\n               2 锟斤拷目录 50,890,170,368 锟斤拷锟斤拷锟街斤拷\r\n"}
19-51-2 : 任务提交失败:{"title":"Task","type":1,"exec":"dir","createdTime":1499601058,"id":"218","result":" 锟斤拷锟斤拷锟斤拷 D 锟叫的撅拷锟斤拷 锟斤拷锟斤拷\r\n 锟斤拷锟斤拷锟斤拷锟叫猴拷锟斤拷 9A2D-B5DA\r\n\r\n d:\\www\\wwwroot\\node\\taskqueue\\console 锟斤拷目录\r\n\r\n2017/07/09  19:48    <DIR>          .\r\n2017/07/09  19:48    <DIR>          ..\r\n2017/07/09  11:25                52 readme.txt\r\n2017/07/09  19:48             3,224 taskRuner.js\r\n               2 锟斤拷锟侥硷拷          3,276 锟街斤拷\r\n               2 锟斤拷目录 50,890,170,368 锟斤拷锟斤拷锟街斤拷\r\n"}
19-51-6 : 任务提交失败:""
19-51-9 : 任务提交失败:""
19-51-12 : 任务提交失败:""
19-51-15 : 任务提交失败:""
19-51-18 : 任务提交失败:""
19-51-21 : 任务提交失败:""
19-51-24 : 任务提交失败:""
19-51-27 : 任务提交失败:""
19-51-30 : 任务提交失败:""
19-51-33 : 任务提交失败:""
19-51-36 : 任务提交失败:""
19-51-39 : 任务提交失败:""
19-51-42 : 任务提交失败:""
19-51-45 : 任务提交失败:""
19-51-48 : 任务提交失败:""
19-51-51 : 任务提交失败:""
19-51-54 : 任务提交失败:""
19-51-57 : 任务提交失败:""
19-52-0 : 任务提交失败:""
19-52-3 : 任务提交失败:""
19-52-6 : 任务提交失败:""
19-52-9 : 任务提交失败:""
19-52-12 : 任务提交失败:""
19-52-15 : 任务提交失败:""
19-52-18 : 任务提交失败:""
19-52-21 : 任务提交失败:""
19-52-24 : 任务提交失败:""
19-52-27 : 任务提交失败:""
19-52-30 : 任务提交失败:""
19-52-33 : 任务提交失败:""
19-52-36 : 任务提交失败:""
19-52-39 : 任务提交失败:""
19-52-42 : 任务提交失败:""
19-52-45 : 任务提交失败:""
19-52-48 : 任务提交失败:""
19-52-51 : 任务提交失败:""
19-52-54 : 任务提交失败:""
19-52-57 : 任务提交失败:""
19-53-0 : 任务提交失败:""
19-53-3 : 任务提交失败:""
19-53-6 : 任务提交失败:""
19-53-9 : 任务提交失败:""
19-53-12 : 任务提交失败:""
19-53-15 : 任务提交失败:""
19-53-18 : 任务提交失败:""
19-53-21 : 任务提交失败:""
19-53-24 : 任务提交失败:""
19-53-27 : 任务提交失败:""
19-53-30 : 任务提交失败:""
19-53-33 : 任务提交失败:""
19-53-36 : 任务提交失败:""
19-53-37 : 任务提交失败:{"title":"Task","type":1,"exec":"dir","createdTime":1499601062,"id":"219","result":" 锟斤拷锟斤拷锟斤拷 D 锟叫的撅拷锟斤拷 锟斤拷锟斤拷\r\n 锟斤拷锟斤拷锟斤拷锟叫猴拷锟斤拷 9A2D-B5DA\r\n\r\n d:\\www\\wwwroot\\node\\taskqueue\\console 锟斤拷目录\r\n\r\n2017/07/09  19:48    <DIR>          .\r\n2017/07/09  19:48    <DIR>          ..\r\n2017/07/09  11:25                52 readme.txt\r\n2017/07/09  19:48             3,224 taskRuner.js\r\n               2 锟斤拷锟侥硷拷          3,276 锟街斤拷\r\n               2 锟斤拷目录 50,890,166,272 锟斤拷锟斤拷锟街斤拷\r\n"}
19-53-41 : 任务提交失败:""
19-53-44 : 任务提交失败:""
19-53-47 : 任务提交失败:""
19-53-50 : 任务提交失败:""
19-53-53 : 任务提交失败:""
19-53-56 : 任务提交失败:""
19-53-59 : 任务提交失败:""
19-54-2 : 任务提交失败:""
19-54-5 : 任务提交失败:""
19-54-8 : 任务提交失败:""
19-54-11 : 任务提交失败:""
19-54-14 : 任务提交失败:""
19-54-18 : 任务提交失败:""
19-54-21 : 任务提交失败:""
19-54-24 : 任务提交失败:""
19-54-27 : 任务提交失败:""
19-54-28 : 任务提交失败:{"title":"Task","type":1,"exec":"dir","createdTime":1499601063,"id":"220","result":" 锟斤拷锟斤拷锟斤拷 D 锟叫的撅拷锟斤拷 锟斤拷锟斤拷\r\n 锟斤拷锟斤拷锟斤拷锟叫猴拷锟斤拷 9A2D-B5DA\r\n\r\n d:\\www\\wwwroot\\node\\taskqueue\\console 锟斤拷目录\r\n\r\n2017/07/09  19:48    <DIR>          .\r\n2017/07/09  19:48    <DIR>          ..\r\n2017/07/09  11:25                52 readme.txt\r\n2017/07/09  19:48             3,224 taskRuner.js\r\n               2 锟斤拷锟侥硷拷          3,276 锟街斤拷\r\n               2 锟斤拷目录 50,890,166,272 锟斤拷锟斤拷锟街斤拷\r\n"}
19-54-32 : 任务提交失败:""
19-54-35 : 任务提交失败:""
19-54-38 : 任务提交失败:""
19-54-41 : 任务提交失败:""
19-54-44 : 任务提交失败:""
19-54-47 : 任务提交失败:""
19-54-50 : 任务提交失败:""
19-54-53 : 任务提交失败:""
19-54-56 : 任务提交失败:""
19-54-59 : 任务提交失败:""
19-55-2 : 任务提交失败:""
19-55-5 : 任务提交失败:""
19-55-8 : 任务提交失败:""
19-55-11 : 任务提交失败:""
19-55-14 : 任务提交失败:""
19-55-17 : 任务提交失败:""
19-55-20 : 任务提交失败:""
19-55-23 : 任务提交失败:""
19-55-26 : 任务提交失败:""
19-55-29 : 任务提交失败:""
19-55-32 : 任务提交失败:""
19-55-35 : 任务提交失败:""
19-55-43 : 任务提交失败:""
19-55-46 : 任务提交失败:""
19-55-49 : 任务提交失败:""
19-55-52 : 任务提交失败:""
19-55-55 : 任务提交失败:""
19-55-58 : 任务提交失败:""
19-56-1 : 任务提交失败:""
19-56-4 : 任务提交失败:""
19-56-7 : 任务提交失败:""
19-56-10 : 任务提交失败:""
19-56-13 : 任务提交失败:""
19-56-16 : 任务提交失败:""
19-56-19 : 任务提交失败:""
19-56-22 : 任务提交失败:""
19-56-25 : 任务提交失败:""
19-56-28 : 任务提交失败:""
19-56-31 : 任务提交失败:""
19-56-34 : 任务提交失败:""
19-56-37 : 任务提交失败:""
19-56-40 : 任务提交失败:""
19-56-43 : 任务提交失败:""
19-56-46 : 任务提交失败:""
19-56-49 : 任务提交失败:""
19-56-52 : 任务提交失败:""
19-56-55 : 任务提交失败:""
19-56-58 : 任务提交失败:""
19-57-1 : 任务提交失败:""
19-57-4 : 任务提交失败:""
19-57-7 : 任务提交失败:""
19-57-10 : 任务提交失败:""
19-57-13 : 任务提交失败:""
19-57-16 : 任务提交失败:""
19-57-19 : 任务提交失败:""
19-57-22 : 任务提交失败:""
19-57-28 : 任务提交失败:""
20-2-1 : 任务提交失败:""
20-2-4 : 任务提交失败:""
20-2-7 : 任务提交失败:""
20-2-9 : 任务提交失败:{"title":"Task","type":1,"exec":"cd","createdTime":1499601349,"id":"221","result":"d:\\www\\wwwroot\\node\\taskqueue\\console\r\n"}
20-2-13 : 任务提交失败:""
20-2-16 : 任务提交失败:""
20-2-19 : 任务提交失败:""
20-2-22 : 任务提交失败:""
20-2-25 : 任务提交失败:""
20-2-28 : 任务提交失败:""
20-2-31 : 任务提交失败:""
20-2-34 : 任务提交失败:""
20-2-37 : 任务提交失败:""
20-2-40 : 任务提交失败:""
20-2-43 : 任务提交失败:""
20-2-46 : 任务提交失败:""
20-2-49 : 任务提交失败:""
20-2-52 : 任务提交失败:""
20-2-55 : 任务提交失败:""
20-2-58 : 任务提交失败:""
20-3-1 : 任务提交失败:""
20-3-4 : 任务提交失败:""
20-3-7 : 任务提交失败:""
20-3-10 : 任务提交失败:""
20-3-13 : 任务提交失败:""
20-3-16 : 任务提交失败:""
20-3-19 : 任务提交失败:""
20-3-22 : 任务提交失败:""
20-3-25 : 任务提交失败:""
20-3-28 : 任务提交失败:""
20-3-31 : 任务提交失败:""
20-3-34 : 任务提交失败:""
20-3-37 : 任务提交失败:""
20-3-40 : 任务提交失败:""
20-3-43 : 任务提交失败:""
20-3-46 : 任务提交失败:""
20-3-49 : 任务提交失败:""
20-3-52 : 任务提交失败:""
20-3-53 : 任务提交失败:{"title":"Task","type":1,"exec":"cd","createdTime":1499601356,"id":"222","result":"d:\\www\\wwwroot\\node\\taskqueue\\console\r\n"}
20-3-57 : 任务提交失败:""
20-4-0 : 任务提交失败:""
20-4-3 : 任务提交失败:""
20-4-6 : 任务提交失败:""
20-4-9 : 任务提交失败:""
20-4-12 : 任务提交失败:""
20-4-15 : 任务提交失败:""
20-4-18 : 任务提交失败:""
20-4-21 : 任务提交失败:""
20-8-10 : 任务提交失败:{"title":"Task","type":1,"exec":"cd","createdTime":1499601358,"id":"224","result":"d:\\www\\wwwroot\\node\\taskqueue\\console\r\n"}
20-8-12 : 任务提交失败:{"title":"Task","type":1,"exec":"dir","createdTime":1499601361,"id":"225","result":" 锟斤拷锟斤拷锟斤拷 D 锟叫的撅拷锟斤拷 锟斤拷锟斤拷\r\n 锟斤拷锟斤拷锟斤拷锟叫猴拷锟斤拷 9A2D-B5DA\r\n\r\n d:\\www\\wwwroot\\node\\taskqueue\\console 锟斤拷目录\r\n\r\n2017/07/09  20:08    <DIR>          .\r\n2017/07/09  20:08    <DIR>          ..\r\n2017/07/09  11:25                52 readme.txt\r\n2017/07/09  20:08             3,167 taskRuner.js\r\n               2 锟斤拷锟侥硷拷          3,219 锟街斤拷\r\n               2 锟斤拷目录 50,890,162,176 锟斤拷锟斤拷锟街斤拷\r\n"}
20-8-14 : 任务提交失败:{"title":"Task","type":1,"exec":"dir","createdTime":1499601362,"id":"226","result":" 锟斤拷锟斤拷锟斤拷 D 锟叫的撅拷锟斤拷 锟斤拷锟斤拷\r\n 锟斤拷锟斤拷锟斤拷锟叫猴拷锟斤拷 9A2D-B5DA\r\n\r\n d:\\www\\wwwroot\\node\\taskqueue\\console 锟斤拷目录\r\n\r\n2017/07/09  20:08    <DIR>          .\r\n2017/07/09  20:08    <DIR>          ..\r\n2017/07/09  11:25                52 readme.txt\r\n2017/07/09  20:08             3,167 taskRuner.js\r\n               2 锟斤拷锟侥硷拷          3,219 锟街斤拷\r\n               2 锟斤拷目录 50,890,158,080 锟斤拷锟斤拷锟街斤拷\r\n"}
20-10-0 : 任务提交失败:{"title":"Task","type":1,"exec":"dir","createdTime":1499602200,"id":"227","result":" 锟斤拷锟斤拷锟斤拷 D 锟叫的撅拷锟斤拷 锟斤拷锟斤拷\r\n 锟斤拷锟斤拷锟斤拷锟叫猴拷锟斤拷 9A2D-B5DA\r\n\r\n d:\\www\\wwwroot\\node\\taskqueue\\console 锟斤拷目录\r\n\r\n2017/07/09  20:09    <DIR>          .\r\n2017/07/09  20:09    <DIR>          ..\r\n2017/07/09  11:25                52 readme.txt\r\n2017/07/09  20:09             3,167 taskRuner.js\r\n               2 锟斤拷锟侥硷拷          3,219 锟街斤拷\r\n               2 锟斤拷目录 50,890,153,984 锟斤拷锟斤拷锟街斤拷\r\n"}
20-10-2 : 任务提交失败:{"title":"Task","type":1,"exec":"cd","createdTime":1499602202,"id":"228","result":"d:\\www\\wwwroot\\node\\taskqueue\\console\r\n"}
20-10-4 : 任务提交失败:{"title":"Task","type":1,"exec":"cd","createdTime":1499602205,"id":"229","result":"d:\\www\\wwwroot\\node\\taskqueue\\console\r\n"}
20-10-7 : 任务提交失败:{"title":"Task","type":1,"exec":"cd","createdTime":1499602205,"id":"230","result":"d:\\www\\wwwroot\\node\\taskqueue\\console\r\n"}
20-10-9 : 任务提交失败:{"title":"Task","type":1,"exec":"cd","createdTime":1499602206,"id":"231","result":"d:\\www\\wwwroot\\node\\taskqueue\\console\r\n"}
20-11-28 : 任务提交失败:""
20-11-38 : 任务提交失败:{"title":"Task","type":1,"exec":"cd","createdTime":1499602294,"id":"232","result":"d:\\www\\wwwroot\\node\\taskqueue\\console\r\n","endTime":1499602298756}
20-11-40 : 任务提交失败:{"title":"Task","type":1,"exec":"cd","createdTime":1499602295,"id":"233","result":"d:\\www\\wwwroot\\node\\taskqueue\\console\r\n","endTime":1499602300782}
20-11-42 : 任务提交失败:{"title":"Task","type":1,"exec":"cd","createdTime":1499602295,"id":"234","result":"d:\\www\\wwwroot\\node\\taskqueue\\console\r\n","endTime":1499602302802}
20-11-44 : 任务提交失败:{"title":"Task","type":1,"exec":"cd","createdTime":1499602296,"id":"235","result":"d:\\www\\wwwroot\\node\\taskqueue\\console\r\n","endTime":1499602304820}
20-11-46 : 任务提交失败:{"title":"Task","type":1,"exec":"cd","createdTime":1499602296,"id":"236","result":"d:\\www\\wwwroot\\node\\taskqueue\\console\r\n","endTime":1499602306842}
20-11-48 : 任务提交失败:{"title":"Task","type":1,"exec":"cd","createdTime":1499602297,"id":"237","result":"d:\\www\\wwwroot\\node\\taskqueue\\console\r\n","endTime":1499602308870}
20-11-50 : 任务提交失败:{"title":"Task","type":1,"exec":"cd","createdTime":1499602297,"id":"238","result":"d:\\www\\wwwroot\\node\\taskqueue\\console\r\n","endTime":1499602310886}
20-11-52 : 任务提交失败:{"title":"Task","type":1,"exec":"cd","createdTime":1499602298,"id":"239","result":"d:\\www\\wwwroot\\node\\taskqueue\\console\r\n","endTime":1499602312902}
20-12-42 : 任务提交失败:""
20-12-45 : 任务提交失败:""
20-12-48 : 任务提交失败:""
20-12-51 : 任务提交失败:""
20-12-54 : 任务提交失败:""
20-12-57 : 任务提交失败:""
20-13-0 : 任务提交失败:""
20-13-3 : 任务提交失败:""
20-13-6 : 任务提交失败:""
20-13-9 : 任务提交失败:""
20-13-12 : 任务提交失败:""
20-13-15 : 任务提交失败:""
20-13-18 : 任务提交失败:""
20-13-21 : 任务提交失败:""
20-13-24 : 任务提交失败:""
20-13-27 : 任务提交失败:""
20-13-30 : 任务提交失败:""
20-13-33 : 任务提交失败:""
20-13-36 : 任务提交失败:""
20-13-39 : 任务提交失败:""
20-13-42 : 任务提交失败:""
20-13-45 : 任务提交失败:""
20-13-48 : 任务提交失败:""
20-13-53 : 任务提交失败:""
20-13-56 : 任务提交失败:""
20-13-59 : 任务提交失败:""
20-14-2 : 任务提交失败:""
20-14-5 : 任务提交失败:""
20-14-17 : 任务提交失败:{"title":"Task","type":1,"exec":"cd","createdTime":1499602452,"id":"240","result":"d:\\www\\wwwroot\\node\\taskqueue\\console\r\n","endTime":1499602457.144}
20-14-19 : 任务提交失败:{"title":"Task","type":1,"exec":"cd","createdTime":1499602453,"id":"241","result":"d:\\www\\wwwroot\\node\\taskqueue\\console\r\n","endTime":1499602459.161}
20-14-21 : 任务提交失败:{"title":"Task","type":1,"exec":"cd","createdTime":1499602453,"id":"242","result":"d:\\www\\wwwroot\\node\\taskqueue\\console\r\n","endTime":1499602461.177}
20-14-23 : 任务提交失败:{"title":"Task","type":1,"exec":"cd","createdTime":1499602454,"id":"243","result":"d:\\www\\wwwroot\\node\\taskqueue\\console\r\n","endTime":1499602463.197}
20-14-25 : 任务提交失败:{"title":"Task","type":1,"exec":"cd","createdTime":1499602455,"id":"244","result":"d:\\www\\wwwroot\\node\\taskqueue\\console\r\n","endTime":1499602465.215}
20-14-27 : 任务提交失败:{"title":"Task","type":1,"exec":"cd","createdTime":1499602455,"id":"245","result":"d:\\www\\wwwroot\\node\\taskqueue\\console\r\n","endTime":1499602467.235}
20-14-29 : 任务提交失败:{"title":"Task","type":1,"exec":"cd","createdTime":1499602456,"id":"246","result":"d:\\www\\wwwroot\\node\\taskqueue\\console\r\n","endTime":1499602469.26}
20-14-31 : 任务提交失败:{"title":"Task","type":1,"exec":"cd","createdTime":1499602457,"id":"247","result":"d:\\www\\wwwroot\\node\\taskqueue\\console\r\n","endTime":1499602471.275}
20-14-33 : 任务提交失败:{"title":"Task","type":1,"exec":"cd","createdTime":1499602457,"id":"248","result":"d:\\www\\wwwroot\\node\\taskqueue\\console\r\n","endTime":1499602473.295}
20-14-35 : 任务提交失败:{"title":"Task","type":1,"exec":"cd","createdTime":1499602458,"id":"249","result":"d:\\www\\wwwroot\\node\\taskqueue\\console\r\n","endTime":1499602475.316}
20-14-37 : 任务提交失败:{"title":"Task","type":1,"exec":"cd","createdTime":1499602458,"id":"250","result":"d:\\www\\wwwroot\\node\\taskqueue\\console\r\n","endTime":1499602477.334}
20-14-39 : 任务提交失败:{"title":"Task","type":1,"exec":"cd","createdTime":1499602459,"id":"251","result":"d:\\www\\wwwroot\\node\\taskqueue\\console\r\n","endTime":1499602479.369}
20-14-41 : 任务提交失败:{"title":"Task","type":1,"exec":"cd","createdTime":1499602459,"id":"252","result":"d:\\www\\wwwroot\\node\\taskqueue\\console\r\n","endTime":1499602481.385}
20-14-55 : 任务提交失败:{"title":"Task","type":1,"exec":"cd","createdTime":1499602495,"id":"253","result":"d:\\www\\wwwroot\\node\\taskqueue\\console\r\n","endTime":1499602495}
20-14-57 : 任务提交失败:{"title":"Task","type":1,"exec":"cd","createdTime":1499602495,"id":"254","result":"d:\\www\\wwwroot\\node\\taskqueue\\console\r\n","endTime":1499602497}
20-14-59 : 任务提交失败:{"title":"Task","type":1,"exec":"cd","createdTime":1499602496,"id":"255","result":"d:\\www\\wwwroot\\node\\taskqueue\\console\r\n","endTime":1499602499}
20-15-1 : 任务提交失败:{"title":"Task","type":1,"exec":"cd","createdTime":1499602497,"id":"256","result":"d:\\www\\wwwroot\\node\\taskqueue\\console\r\n","endTime":1499602501}
23-47-55 : 任务提交失败:{"title":"Task","type":1,"exec":"cd","createdTime":1499615271,"id":"257","result":"d:\\www\\wwwroot\\node\\taskqueue\\console\r\n","endTime":1499615275}
23-47-59 : 任务提交失败:""
23-48-2 : 任务提交失败:""
23-48-5 : 任务提交失败:""
23-48-8 : 任务提交失败:""
23-48-11 : 任务提交失败:""
23-48-14 : 任务提交失败:""
23-48-17 : 任务提交失败:""
23-48-20 : 任务提交失败:""
23-48-23 : 任务提交失败:""
23-48-26 : 任务提交失败:""
23-48-29 : 任务提交失败:""
23-48-32 : 任务提交失败:""
23-48-35 : 任务提交失败:""
23-48-38 : 任务提交失败:""
23-48-41 : 任务提交失败:""
23-48-44 : 任务提交失败:""
23-48-47 : 任务提交失败:""
23-48-48 : 任务提交失败:{"title":"Task","type":1,"exec":"ls","createdTime":1499615274,"id":"258","result":{"killed":false,"code":1,"signal":null,"cmd":"ls"},"endTime":1499615328}
23-48-52 : 任务提交失败:""
23-48-55 : 任务提交失败:""
23-48-58 : 任务提交失败:""
23-49-1 : 任务提交失败:""
23-49-4 : 任务提交失败:""
23-49-7 : 任务提交失败:""
23-49-10 : 任务提交失败:""
23-49-13 : 任务提交失败:""
23-49-16 : 任务提交失败:""
23-49-19 : 任务提交失败:""
23-49-22 : 任务提交失败:""
23-49-25 : 任务提交失败:""
23-49-28 : 任务提交失败:""
23-49-31 : 任务提交失败:""
23-49-34 : 任务提交失败:""
23-49-37 : 任务提交失败:""
23-49-40 : 任务提交失败:""
23-49-43 : 任务提交失败:""
23-49-46 : 任务提交失败:""
23-49-49 : 任务提交失败:""
23-49-50 : 任务提交失败:{"title":"Task","type":1,"exec":"ls","createdTime":1499615275,"id":"259","result":{"killed":false,"code":1,"signal":null,"cmd":"ls"},"endTime":1499615390}
23-49-52 : 任务提交失败:{"title":"Task","type":1,"exec":"ls","createdTime":1499615276,"id":"260","result":{"killed":false,"code":1,"signal":null,"cmd":"ls"},"endTime":1499615392}
23-49-54 : 任务提交失败:{"title":"Task","type":1,"exec":"ls","createdTime":1499615277,"id":"261","result":{"killed":false,"code":1,"signal":null,"cmd":"ls"},"endTime":1499615394}
23-49-56 : 任务提交失败:{"title":"Task","type":1,"exec":"ls","createdTime":1499615277,"id":"262","result":{"killed":false,"code":1,"signal":null,"cmd":"ls"},"endTime":1499615396}
23-49-58 : 任务提交失败:{"title":"Task","type":1,"exec":"ls","createdTime":1499615278,"id":"263","result":{"killed":false,"code":1,"signal":null,"cmd":"ls"},"endTime":1499615398}
23-50-0 : 任务提交失败:{"title":"Task","type":1,"exec":"ls","createdTime":1499615378,"id":"264","result":{"killed":false,"code":1,"signal":null,"cmd":"ls"},"endTime":1499615400}
23-50-2 : 任务提交失败:{"title":"Task","type":1,"exec":"ls","createdTime":1499615396,"id":"265","result":{"killed":false,"code":1,"signal":null,"cmd":"ls"},"endTime":1499615402}
23-50-4 : 任务提交失败:{"title":"Task","type":1,"exec":"ls","createdTime":1499615397,"id":"266","result":{"killed":false,"code":1,"signal":null,"cmd":"ls"},"endTime":1499615404}
23-50-6 : 任务提交失败:{"title":"Task","type":1,"exec":"ls","createdTime":1499615397,"id":"267","result":{"killed":false,"code":1,"signal":null,"cmd":"ls"},"endTime":1499615406}
23-51-34 : 任务提交失败:""
23-51-38 : 任务提交失败:{"title":"Task","type":1,"exec":"ls","createdTime":1499615498,"id":"268","result":{"killed":false,"code":1,"signal":null,"cmd":"ls"},"endTime":1499615498}
23-54-54 : 任务提交失败:""
23-54-57 : 任务提交失败:""
23-55-0 : 任务提交失败:""
23-55-3 : 任务提交失败:""
23-55-6 : 任务提交失败:""
23-55-9 : 任务提交失败:""
23-55-12 : 任务提交失败:""
23-55-15 : 任务提交失败:""
23-55-19 : 任务提交失败:{"title":"Task","type":1,"exec":"cd","createdTime":1499615719,"id":"269","result":"d:\\www\\wwwroot\\node\\taskqueue\\console\r\n","endTime":1499615719}
23-55-21 : 任务提交失败:{"title":"Task","type":1,"exec":"cd","createdTime":1499615720,"id":"270","result":"d:\\www\\wwwroot\\node\\taskqueue\\console\r\n","endTime":1499615721}
23-55-23 : 任务提交失败:{"title":"Task","type":1,"exec":"cd","createdTime":1499615721,"id":"271","result":"d:\\www\\wwwroot\\node\\taskqueue\\console\r\n","endTime":1499615723}
23-56-41 : 任务提交失败:{"title":"Task","type":1,"exec":"cd","createdTime":1499615801,"id":"272","result":"d:\\www\\wwwroot\\node\\taskqueue\\console\r\n","endTime":1499615801}
23-56-43 : 任务提交失败:{"title":"Task","type":1,"exec":"cd","createdTime":1499615802,"id":"273","result":"d:\\www\\wwwroot\\node\\taskqueue\\console\r\n","endTime":1499615803}
23-56-45 : 任务提交失败:{"title":"Task","type":1,"exec":"cd","createdTime":1499615802,"id":"274","result":"d:\\www\\wwwroot\\node\\taskqueue\\console\r\n","endTime":1499615805}
23-57-7 : 任务提交失败:""
23-57-11 : 任务提交失败:{"title":"Task","type":1,"exec":"cd","createdTime":1499615831,"id":"275","result":"d:\\www\\wwwroot\\node\\taskqueue\\console\r\n","endTime":1499615831}
23-57-13 : 任务提交失败:{"title":"Task","type":1,"exec":"cd","createdTime":1499615833,"id":"276","result":"d:\\www\\wwwroot\\node\\taskqueue\\console\r\n","endTime":1499615833}
23-57-44 : 任务提交失败:{"title":"Task","type":1,"exec":"cd","createdTime":1499615864,"id":"277","result":"d:\\www\\wwwroot\\node\\taskqueue\\console\r\n","endTime":1499615864}
23-59-12 : 任务提交失败:""
23-59-14 : 任务提交失败:{"title":"Task","type":1,"exec":"cd","createdTime":1499615954,"id":"278","result":"d:\\www\\wwwroot\\node\\taskqueue\\console\r\n","endTime":1499615954}
23-59-35 : 任务提交失败:{"title":"Task","type":1,"exec":"cd","createdTime":1499615970,"id":"279","result":"d:\\www\\wwwroot\\node\\taskqueue\\console\r\n","endTime":1499615975}
23-59-39 : 任务提交失败:{"title":"Task","type":1,"exec":"cd","createdTime":1499615979,"id":"280","result":"d:\\www\\wwwroot\\node\\taskqueue\\console\r\n","endTime":1499615979}
23-59-41 : 任务提交失败:{"title":"Task","type":1,"exec":"cd","createdTime":1499615980,"id":"281","result":"d:\\www\\wwwroot\\node\\taskqueue\\console\r\n","endTime":1499615981}
